2025-11-07 13:03:16.783 | INFO     | __main__:<module>:26 - Starting server...
2025-11-07 13:33:13.792 | INFO     | utils:get_ai_result:53 - {'loginID': 'DINA 1633487115671247', 'par': {'dmCode': 'LINKAIMCP', 'dmNum': 110, 'Para': ['AC', '']}}
2025-11-07 15:11:35.011 | INFO     | utils:get_ai_result:53 - {'loginID': 'DINA 4302215021671247', 'par': {'dmCode': 'LINKAIMCP', 'dmNum': 110, 'Para': ['AC', '']}}
2025-11-07 15:14:23.901 | INFO     | utils:get_ai_result:53 - {'loginID': 'DINA 2835530921671247', 'par': {'dmCode': 'LINKAIMCP', 'dmNum': 110, 'Para': ['AC', '']}}
2025-11-07 15:14:48.956 | INFO     | utils:get_ai_result:53 - {'loginID': 'DINA 5898780921671247', 'par': {'dmCode': 'LINKAIMCP', 'dmNum': 120, 'Para': ['AC', '']}}
2025-11-07 15:14:48.956 | INFO     | utils:get_ai_result:53 - {'loginID': 'DINA 5898780921671247', 'par': {'dmCode': 'LINKAIMCP', 'dmNum': 120, 'Para': ['AC', '']}}
2025-11-07 15:15:43.353 | INFO     | utils:get_ai_action:107 - {'loginID': 'DINA 5287356221671247', 'par': {'dm': {'dmCode': 'LINKAIMCP', 'dmNum': 120, 'Para': ['', '']}, 'contextMenuNo': 501, 'rowData': {'DOCNUM': 'MFH0000000005', 'CPLRES': '陈明', 'REMARK': '维修完成'}}}
2025-11-07 15:15:43.353 | INFO     | utils:get_ai_action:107 - {'loginID': 'DINA 5287356221671247', 'par': {'dm': {'dmCode': 'LINKAIMCP', 'dmNum': 120, 'Para': ['', '']}, 'contextMenuNo': 501, 'rowData': {'DOCNUM': 'MFH0000000005', 'CPLRES': '陈明', 'REMARK': '维修完成'}}}
2025-11-07 15:15:43.353 | INFO     | utils:get_ai_action:107 - {'loginID': 'DINA 5287356221671247', 'par': {'dm': {'dmCode': 'LINKAIMCP', 'dmNum': 120, 'Para': ['', '']}, 'contextMenuNo': 501, 'rowData': {'DOCNUM': 'MFH0000000005', 'CPLRES': '陈明', 'REMARK': '维修完成'}}}
2025-11-07 15:17:45.994 | INFO     | utils:get_ai_action:107 - {'loginID': 'DINA 5534866821671247', 'par': {'dm': {'dmCode': 'LINKAIMCP', 'dmNum': 120, 'Para': ['', '']}, 'contextMenuNo': 501, 'rowData': {'DOCNUM': 'MFH0000000005', 'CPLRES': '陈明', 'REMARK': '维修完成'}}}
2025-11-07 15:17:45.994 | INFO     | utils:get_ai_action:107 - {'loginID': 'DINA 5534866821671247', 'par': {'dm': {'dmCode': 'LINKAIMCP', 'dmNum': 120, 'Para': ['', '']}, 'contextMenuNo': 501, 'rowData': {'DOCNUM': 'MFH0000000005', 'CPLRES': '陈明', 'REMARK': '维修完成'}}}
2025-11-07 15:17:45.994 | INFO     | utils:get_ai_action:107 - {'loginID': 'DINA 5534866821671247', 'par': {'dm': {'dmCode': 'LINKAIMCP', 'dmNum': 120, 'Para': ['', '']}, 'contextMenuNo': 501, 'rowData': {'DOCNUM': 'MFH0000000005', 'CPLRES': '陈明', 'REMARK': '维修完成'}}}
2025-11-07 15:17:45.994 | INFO     | utils:get_ai_action:107 - {'loginID': 'DINA 5534866821671247', 'par': {'dm': {'dmCode': 'LINKAIMCP', 'dmNum': 120, 'Para': ['', '']}, 'contextMenuNo': 501, 'rowData': {'DOCNUM': 'MFH0000000005', 'CPLRES': '陈明', 'REMARK': '维修完成'}}}
2025-11-07 15:29:42.623 | INFO     | utils:get_ai_result:53 - {'loginID': 'DINA 5181980421671247', 'par': {'dmCode': 'LINKAIMCP', 'dmNum': 110, 'Para': ['AC', '']}}
2025-11-07 15:30:52.507 | INFO     | utils:get_ai_result:53 - {'loginID': 'DINA 6408505721671247', 'par': {'dmCode': 'LINKAIMCP', 'dmNum': 110, 'Para': ['AC', '']}}
2025-11-07 15:30:52.507 | INFO     | utils:get_ai_result:53 - {'loginID': 'DINA 6408505721671247', 'par': {'dmCode': 'LINKAIMCP', 'dmNum': 110, 'Para': ['AC', '']}}
2025-11-07 15:31:43.956 | INFO     | utils:get_ai_result:53 - {'loginID': 'DINA 5306961021671247', 'par': {'dmCode': 'LINKAIMCP10X.SALES', 'dmNum': 10, 'Para': ['2021-03-01', '2021-03-07', '', '', '']}}
2025-11-07 15:31:43.956 | INFO     | utils:get_ai_result:53 - {'loginID': 'DINA 5306961021671247', 'par': {'dmCode': 'LINKAIMCP10X.SALES', 'dmNum': 10, 'Para': ['2021-03-01', '2021-03-07', '', '', '']}}
2025-11-07 15:31:43.956 | INFO     | utils:get_ai_result:53 - {'loginID': 'DINA 5306961021671247', 'par': {'dmCode': 'LINKAIMCP10X.SALES', 'dmNum': 10, 'Para': ['2021-03-01', '2021-03-07', '', '', '']}}
2025-11-07 15:53:09.937 | INFO     | utils:get_ai_result:56 - {'loginID': 'DINA 1167897621671247', 'par': {'dmCode': 'LINKAIMCP', 'dmNum': 110, 'Para': ['AC', '']}}
2025-11-07 15:54:42.089 | INFO     | utils:get_ai_result:56 - {'loginID': 'RANDY.LIU 5212612921671247', 'par': {'dmCode': 'LINKAIMCP', 'dmNum': 120, 'Para': ['AC', '']}}
2025-11-07 15:54:42.089 | INFO     | utils:get_ai_result:56 - {'loginID': 'RANDY.LIU 5212612921671247', 'par': {'dmCode': 'LINKAIMCP', 'dmNum': 120, 'Para': ['AC', '']}}
2025-11-07 16:03:50.251 | INFO     | utils:get_ai_result:58 - {'loginID': 'DINA 6130374874671247', 'par': {'dmCode': 'LINKAIMCP', 'dmNum': 110, 'Para': ['AC', '']}}
2025-11-07 16:12:55.625 | INFO     | utils:get_ai_result:58 - {'loginID': 'DINA 6754052574671247', 'par': {'dmCode': 'LINKAIMCP10X.SALES', 'dmNum': 10, 'Para': ['2021-03-01', '2021-03-07', '', '', '']}}
2025-11-07 17:09:18.937 | INFO     | utils:get_ai_result:59 - {'loginID': 'DINA 2216778927671247', 'par': {'dmCode': 'LINKAIMCP', 'dmNum': 120, 'Para': ['AC', '']}}
2025-11-07 17:10:18.083 | INFO     | utils:ai_row_submit:165 - {'loginID': 'DINA 2218004227671247', 'par': {'dm': {'dmCode': 'LINKAIMCP', 'dmNum': 120, 'Para': ['', '']}, 'scriptType': 2, 'rowData': {'DOCNUM': 'MFH0000000034', 'CPLRES': '时达', 'REMARK': '更换了机油机滤'}}}
2025-11-07 17:11:16.886 | INFO     | utils:get_ai_result:59 - {'loginID': 'DINA 1974169527671247', 'par': {'dmCode': 'LINKAIMCP', 'dmNum': 120, 'Para': ['AC', '']}}
2025-11-07 17:37:31.735 | INFO     | utils:ai_action:112 - {'loginID': 'DINA 3843977327671247', 'par': {'dm': {'dmCode': 'LINKAIMCP', 'dmNum': 110, 'Para': ['', '', '故障维修', '皮带磨损严重，需要调整皮带轮偏心', datetime.datetime(2025, 11, 7, 16, 0), '张三']}, 'contextMenuNo': 501, 'rowData': {'车间': 'AC', '设备编号': 'CS03'}}}
2025-11-07 17:37:41.959 | INFO     | utils:ai_action:112 - {'loginID': 'DINA 5069277327671247', 'par': {'dm': {'dmCode': 'LINKAIMCP', 'dmNum': 110, 'Para': ['', '', '故障维修', '皮带磨损严重，需要调整皮带轮偏心', datetime.datetime(2025, 11, 7, 16, 0), '张三']}, 'contextMenuNo': 501, 'rowData': {'车间': 'AC', '设备编号': 'CS03'}}}
2025-11-07 17:37:48.119 | INFO     | utils:ai_action:112 - {'loginID': 'DINA 5926987327671247', 'par': {'dm': {'dmCode': 'LINKAIMCP', 'dmNum': 110, 'Para': ['', '', '故障维修', '皮带磨损严重，需要调整皮带轮偏心', datetime.datetime(2025, 11, 7, 16, 0, tzinfo=TzInfo(0)), '张三']}, 'contextMenuNo': 501, 'rowData': {'车间': 'AC', '设备编号': 'CS03'}}}
2025-11-07 17:37:54.955 | INFO     | utils:ai_action:112 - {'loginID': 'DINA 6662167327671247', 'par': {'dm': {'dmCode': 'LINKAIMCP', 'dmNum': 110, 'Para': ['', '', '故障维修', '皮带磨损严重，需要调整皮带轮偏心', datetime.datetime(2025, 11, 7, 16, 0), '张三']}, 'contextMenuNo': 501, 'rowData': {'车间': 'AC', '设备编号': 'CS03'}}}
2025-11-07 17:38:01.026 | INFO     | utils:ai_action:112 - {'loginID': 'DINA 169302627671247', 'par': {'dm': {'dmCode': 'LINKAIMCP', 'dmNum': 110, 'Para': ['', '', '故障维修', '皮带磨损严重，需要调整皮带轮偏心', datetime.datetime(2025, 11, 7, 16, 0), '张三']}, 'contextMenuNo': 501, 'rowData': {'车间': 'AC', '设备编号': 'CS03'}}}
2025-11-07 17:38:10.127 | INFO     | utils:ai_action:112 - {'loginID': 'DINA 1272072627671247', 'par': {'dm': {'dmCode': 'LINKAIMCP', 'dmNum': 110, 'Para': ['', '', '故障维修', '皮带磨损严重，需要调整皮带轮偏心', datetime.datetime(2025, 11, 7, 16, 0), '张三']}, 'contextMenuNo': 501, 'rowData': {'车间': 'AC', '设备编号': 'CS03'}}}
2025-11-07 17:38:19.678 | INFO     | utils:ai_action:112 - {'loginID': 'DINA 2374842627671247', 'par': {'dm': {'dmCode': 'LINKAIMCP', 'dmNum': 110, 'Para': ['', '', '故障维修', '皮带磨损严重，需要调整皮带轮偏心', datetime.datetime(2025, 11, 7, 16, 0), '张三']}, 'contextMenuNo': 501, 'rowData': {'车间': 'AC', '设备编号': 'CS03'}}}
2025-11-07 17:38:26.762 | INFO     | utils:ai_action:112 - {'loginID': 'DINA 3232552627671247', 'par': {'dm': {'dmCode': 'LINKAIMCP', 'dmNum': 110, 'Para': ['', '', '故障维修', '皮带磨损严重，需要调整皮带轮偏心', datetime.datetime(2025, 11, 7, 16, 0), '张三']}, 'contextMenuNo': 501, 'rowData': {'车间': 'AC', '设备编号': 'CS03'}}}
2025-11-07 17:38:35.036 | INFO     | utils:ai_action:112 - {'loginID': 'DINA 4335322627671247', 'par': {'dm': {'dmCode': 'LINKAIMCP', 'dmNum': 110, 'Para': ['', '', '故障维修', '皮带磨损严重，需要调整皮带轮偏心', datetime.datetime(2025, 11, 7, 16, 0), '张三']}, 'contextMenuNo': 501, 'rowData': {'车间': 'AC', '设备编号': 'CS03'}}}
2025-11-07 17:38:43.685 | INFO     | utils:ai_action:112 - {'loginID': 'DINA 5315562627671247', 'par': {'dm': {'dmCode': 'LINKAIMCP', 'dmNum': 110, 'Para': ['', '', '故障维修', '皮带磨损严重，需要调整皮带轮偏心', datetime.datetime(2025, 11, 7, 16, 0), '张三']}, 'contextMenuNo': 501, 'rowData': {'车间': 'AC', '设备编号': 'CS03'}}}
2025-11-07 17:42:28.045 | INFO     | utils:ai_action:112 - {'loginID': 'DINA 3482513827671247', 'par': {'dm': {'dmCode': 'LINKAIMCP', 'dmNum': 110, 'Para': ['', '', '故障维修', '皮带磨损严重，需要调整皮带轮偏心', '2025-11-07 16:00:00', '张三']}, 'contextMenuNo': 501, 'rowData': {'车间': 'AC', '设备编号': 'CS03'}}}
2025-11-07 17:45:13.890 | INFO     | utils:ai_action:112 - {'loginID': 'DINA 1648239727671247', 'par': {'dm': {'dmCode': 'LINKAIMCP', 'dmNum': 110, 'Para': ['', '', '故障维修', '皮带磨损严重，需要调整皮带轮偏心', '2025-11-07 16:00:00', '张三']}, 'contextMenuNo': 501, 'rowData': {'车间': 'AC', '设备编号': 'CS03'}}}
